<?xml version="1.0" encoding="UTF-8"?>
<!-- Generated by org.testng.reporters.JUnitReportReporter -->
<testsuite hostname="RAMESH-PC" name="GroupRun.Test123.JenkinToast" tests="1" failures="0" timestamp="1 Aug 2017 17:38:18 GMT" time="15.639" errors="0">
  <testcase name="sink" time="15.639" classname="GroupRun.Test123.JenkinToast"/>
</testsuite> <!-- GroupRun.Test123.JenkinToast -->
