<?xml version="1.0" encoding="UTF-8"?>
<!-- Generated by org.testng.reporters.JUnitReportReporter -->
<testsuite hostname="RAMESH-PC" name="GroupRun.Test123.JenkinToast" tests="1" failures="0" timestamp="31 Jul 2017 17:32:34 GMT" time="24.650" errors="0">
  <testcase name="sink" time="24.650" classname="GroupRun.Test123.JenkinToast"/>
</testsuite> <!-- GroupRun.Test123.JenkinToast -->
